Using pre-set license
Built from '2020.3/staging' branch; Version is '2020.3.48f1 (b805b124c6b7) revision 12060081'; Using compiler version '192528614'; Build Type 'Release'
OS: 'Windows 10  (10.0.19045) 64bit Core' Language: 'es' Physical Memory: 16309 MB
BatchMode: 1, IsHumanControllingUs: 0, StartBugReporterOnCrash: 0, Is64bit: 1, IsPro: 0

COMMAND LINE ARGUMENTS:
F:\UNITY\Unity\Hub\Editor\2020.3.48f1\Editor\Unity.exe
-adb2
-batchMode
-noUpm
-name
AssetImportWorker0
-projectPath
F:/Unity projects/VR-Labyrinth/Vr Labyrinth
-logFile
Logs/AssetImportWorker0.log
-srvPort
58030
Successfully changed project path to: F:/Unity projects/VR-Labyrinth/Vr Labyrinth
F:/Unity projects/VR-Labyrinth/Vr Labyrinth
Using Asset Import Pipeline V2.
Player connection [33432] Host "[IP] 192.168.1.21 [Port] 2953007328 [Flags] 2 [Guid] 2950106752 [EditorId] 2950106752 [Version] 1048832 [Id] WindowsEditor(7,DESKTOP-DFSQ1M5) [Debug] 1 [PackageName] WindowsEditor [ProjectName] Editor" joined multi-casting on [225.0.0.222:54997]...

Player connection [33432] Host "[IP] 192.168.1.21 [Port] 2953007328 [Flags] 2 [Guid] 2950106752 [EditorId] 2950106752 [Version] 1048832 [Id] WindowsEditor(7,DESKTOP-DFSQ1M5) [Debug] 1 [PackageName] WindowsEditor [ProjectName] Editor" joined alternative multi-casting on [225.0.0.222:34997]...

Refreshing native plugins compatible for Editor in 33.30 ms, found 5 plugins.
Preloading 1 native plugins for Editor in 0.87 ms.
Initialize engine version: 2020.3.48f1 (b805b124c6b7)
[Subsystems] Discovering subsystems at path F:/UNITY/Unity/Hub/Editor/2020.3.48f1/Editor/Data/Resources/UnitySubsystems
[Subsystems] Discovering subsystems at path F:/Unity projects/VR-Labyrinth/Vr Labyrinth/Assets
GfxDevice: creating device client; threaded=0
Direct3D:
    Version:  Direct3D 11.0 [level 11.1]
    Renderer: NVIDIA GeForce RTX 2070 SUPER (ID=0x1e84)
    Vendor:   
    VRAM:     7989 MB
    Driver:   31.0.15.5222
Initialize mono
Mono path[0] = 'F:/UNITY/Unity/Hub/Editor/2020.3.48f1/Editor/Data/Managed'
Mono path[1] = 'F:/UNITY/Unity/Hub/Editor/2020.3.48f1/Editor/Data/MonoBleedingEdge/lib/mono/unityjit'
Mono config path = 'F:/UNITY/Unity/Hub/Editor/2020.3.48f1/Editor/Data/MonoBleedingEdge/etc'
Using monoOptions --debugger-agent=transport=dt_socket,embedding=1,server=y,suspend=n,address=127.0.0.1:56012
Begin MonoManager ReloadAssembly
Registering precompiled unity dll's ...
Register platform support module: F:/UNITY/Unity/Hub/Editor/2020.3.48f1/Editor/Data/PlaybackEngines/WebGLSupport/UnityEditor.WebGL.Extensions.dll
Register platform support module: F:/UNITY/Unity/Hub/Editor/2020.3.48f1/Editor/Data/PlaybackEngines/WindowsStandaloneSupport/UnityEditor.WindowsStandalone.Extensions.dll
Registered in 0.003409 seconds.
Native extension for WindowsStandalone target not found
Native extension for WebGL target not found
Refreshing native plugins compatible for Editor in 25.04 ms, found 5 plugins.
Preloading 1 native plugins for Editor in 0.13 ms.
Mono: successfully reloaded assembly
- Completed reload, in  0.426 seconds
Domain Reload Profiling:
	ReloadAssembly (426ms)
		BeginReloadAssembly (63ms)
			ExecutionOrderSort (0ms)
			DisableScriptedObjects (0ms)
			BackupInstance (0ms)
			ReleaseScriptingObjects (0ms)
			CreateAndSetChildDomain (1ms)
		EndReloadAssembly (306ms)
			LoadAssemblies (60ms)
			RebuildTransferFunctionScriptingTraits (0ms)
			SetupTypeCache (94ms)
			ReleaseScriptCaches (0ms)
			RebuildScriptCaches (19ms)
			SetupLoadedEditorAssemblies (114ms)
				LogAssemblyErrors (0ms)
				InitializePlatformSupportModulesInManaged (4ms)
				SetLoadedEditorAssemblies (0ms)
				RefreshPlugins (25ms)
				BeforeProcessingInitializeOnLoad (12ms)
				ProcessInitializeOnLoadAttributes (55ms)
				ProcessInitializeOnLoadMethodAttributes (18ms)
				AfterProcessingInitializeOnLoad (0ms)
				EditorAssembliesLoaded (0ms)
			ExecutionOrderSort2 (0ms)
			AwakeInstancesAfterBackupRestoration (0ms)
Platform modules already initialized, skipping
Registering precompiled user dll's ...
Registered in 0.005651 seconds.
Begin MonoManager ReloadAssembly
Native extension for WindowsStandalone target not found
Native extension for WebGL target not found
Refreshing native plugins compatible for Editor in 0.51 ms, found 5 plugins.
Preloading 1 native plugins for Editor in 0.11 ms.
[XR] OculusXRPlugin: registering subsystems
[XR] Unable to register display lifecyle provider: [1]
[XR] Oculus Input lifecycle provider registered.
[XR] Unable to register input lifecyle provider: [1]
System.Reflection.TargetInvocationException: Exception has been thrown by the target of an invocation. ---> System.NullReferenceException: Object reference not set to an instance of an object
  at Unity.XR.Oculus.OculusLoader.AssetPathToAbsolutePath (System.String assetPath) [0x00048] in F:\Unity projects\VR-Labyrinth\Vr Labyrinth\Library\PackageCache\com.unity.xr.oculus@1.13.1\Runtime\OculusLoader.cs:265 
  at Unity.XR.Oculus.OculusLoader.EditorLoadOVRPlugin () [0x0007b] in F:\Unity projects\VR-Labyrinth\Vr Labyrinth\Library\PackageCache\com.unity.xr.oculus@1.13.1\Runtime\OculusLoader.cs:250 
  at (wrapper managed-to-native) System.Reflection.MonoMethod.InternalInvoke(System.Reflection.MonoMethod,object,object[],System.Exception&)
  at System.Reflection.MonoMethod.Invoke (System.Object obj, System.Reflection.BindingFlags invokeAttr, System.Reflection.Binder binder, System.Object[] parameters, System.Globalization.CultureInfo culture) [0x00032] in <695d1cc93cca45069c528c15c9fdd749>:0 
   --- End of inner exception stack trace ---
  at System.Reflection.MonoMethod.Invoke (System.Object obj, System.Reflection.BindingFlags invokeAttr, System.Reflection.Binder binder, System.Object[] parameters, System.Globalization.CultureInfo culture) [0x00048] in <695d1cc93cca45069c528c15c9fdd749>:0 
  at System.Reflection.MethodBase.Invoke (System.Object obj, System.Object[] parameters) [0x00000] in <695d1cc93cca45069c528c15c9fdd749>:0 
  at UnityEditor.EditorAssemblies.ProcessInitializeOnLoadMethodAttributes () [0x00047] in <25578071f6e44201aac745680e5c8dfc>:0 
UnityEngine.StackTraceUtility:ExtractStackTrace ()
UnityEngine.DebugLogHandler:LogFormat (UnityEngine.LogType,UnityEngine.Object,string,object[])
UnityEngine.Logger:Log (UnityEngine.LogType,object)
UnityEngine.Debug:LogError (object)
UnityEditor.EditorAssemblies:ProcessInitializeOnLoadMethodAttributes ()

Mono: successfully reloaded assembly
- Completed reload, in  0.750 seconds
Domain Reload Profiling:
	ReloadAssembly (751ms)
		BeginReloadAssembly (117ms)
			ExecutionOrderSort (0ms)
			DisableScriptedObjects (3ms)
			BackupInstance (0ms)
			ReleaseScriptingObjects (0ms)
			CreateAndSetChildDomain (16ms)
		EndReloadAssembly (585ms)
			LoadAssemblies (89ms)
			RebuildTransferFunctionScriptingTraits (0ms)
			SetupTypeCache (179ms)
			ReleaseScriptCaches (0ms)
			RebuildScriptCaches (30ms)
			SetupLoadedEditorAssemblies (248ms)
				LogAssemblyErrors (0ms)
				InitializePlatformSupportModulesInManaged (4ms)
				SetLoadedEditorAssemblies (0ms)
				RefreshPlugins (1ms)
				BeforeProcessingInitializeOnLoad (70ms)
				ProcessInitializeOnLoadAttributes (149ms)
				ProcessInitializeOnLoadMethodAttributes (14ms)
				AfterProcessingInitializeOnLoad (10ms)
				EditorAssembliesLoaded (0ms)
			ExecutionOrderSort2 (0ms)
			AwakeInstancesAfterBackupRestoration (1ms)
Platform modules already initialized, skipping
========================================================================
Worker process is ready to serve import requests
Launched and connected shader compiler UnityShaderCompiler.exe after 0.03 seconds
Refreshing native plugins compatible for Editor in 0.50 ms, found 5 plugins.
Preloading 1 native plugins for Editor in 0.11 ms.
Unloading 1688 Unused Serialized files (Serialized files now loaded: 0)
System memory in use before: 82.6 MB.
System memory in use after: 82.7 MB.

Unloading 19 unused Assets to reduce memory usage. Loaded Objects now: 2139.
Total: 2.129500 ms (FindLiveObjects: 0.117000 ms CreateObjectMapping: 0.034800 ms MarkObjects: 1.959800 ms  DeleteObjects: 0.017200 ms)

AssetImportParameters requested are different than current active one (requested -> active):
  custom:framework-win-MediaFoundation: 216162199b28c13a410421893ffa2e32 -> 
  custom:video-decoder-ogg-theora: a1e56fd34408186e4bbccfd4996cb3dc -> 
  custom:container-muxer-webm: aa71ff27fc2769a1b78a27578f13a17b -> 
  custom:container-demuxer-webm: 4f35f7cbe854078d1ac9338744f61a02 -> 
  custom:container-demuxer-ogg: 62fdf1f143b41e24485cea50d1cbac27 -> 
  custom:video-encoder-webm-vp8: eb34c28f22e8b96e1ab97ce403110664 -> 
  custom:video-decoder-webm-vp8: 9c59270c3fd7afecdb556c50c9e8de78 -> 
  custom:audio-decoder-ogg-vorbis: bf7c407c2cedff20999df2af8eb42d56 -> 
  custom:audio-encoder-webm-vorbis: bf7c407c2cedff20999df2af8eb42d56 -> 
========================================================================
Received Import Request.
  path: Assets/Laberinto/Props/301.fbx
  artifactKey: Guid(ab02c10908e3c5b4d86a1018f3005a96) Importer(815301076,1909f56bfc062723c751e8b465ee728b)
Start importing Assets/Laberinto/Props/301.fbx using Guid(ab02c10908e3c5b4d86a1018f3005a96) Importer(815301076,1909f56bfc062723c751e8b465ee728b)  -> (artifact id: '4682614b745721dc3f2c35581a8930a9') in 0.348280 seconds 
========================================================================
Received Import Request.
  Time since last request: 693.130204 seconds.
  path: Assets/Laberinto/Props/302.fbx
  artifactKey: Guid(6d8f296f9e3074d47a0c7bd1fbaf8ed2) Importer(815301076,1909f56bfc062723c751e8b465ee728b)
Start importing Assets/Laberinto/Props/302.fbx using Guid(6d8f296f9e3074d47a0c7bd1fbaf8ed2) Importer(815301076,1909f56bfc062723c751e8b465ee728b)  -> (artifact id: 'be9f9a1e608dd2619ab1b46d27449771') in 0.023935 seconds 
========================================================================
Received Import Request.
  Time since last request: 0.000124 seconds.
  path: Assets/Laberinto/Props/303.fbx
  artifactKey: Guid(fe974178e17b46043bf1ddf242ce774b) Importer(815301076,1909f56bfc062723c751e8b465ee728b)
Start importing Assets/Laberinto/Props/303.fbx using Guid(fe974178e17b46043bf1ddf242ce774b) Importer(815301076,1909f56bfc062723c751e8b465ee728b)  -> (artifact id: '8620c103675d45035da9a2e848ad1ebc') in 0.075707 seconds 
========================================================================
Received Import Request.
  Time since last request: 0.000143 seconds.
  path: Assets/Laberinto/Props/304.fbx
  artifactKey: Guid(e13418b63af52af45af2644cdab756e5) Importer(815301076,1909f56bfc062723c751e8b465ee728b)
Start importing Assets/Laberinto/Props/304.fbx using Guid(e13418b63af52af45af2644cdab756e5) Importer(815301076,1909f56bfc062723c751e8b465ee728b)  -> (artifact id: 'c5d1e63d797a391b469eae79ad847d29') in 0.015056 seconds 
========================================================================
Received Import Request.
  Time since last request: 0.000110 seconds.
  path: Assets/Laberinto/Props/305.fbx
  artifactKey: Guid(42ab3e87608f18d4bba64ecd281f257a) Importer(815301076,1909f56bfc062723c751e8b465ee728b)
Start importing Assets/Laberinto/Props/305.fbx using Guid(42ab3e87608f18d4bba64ecd281f257a) Importer(815301076,1909f56bfc062723c751e8b465ee728b)  -> (artifact id: '87218deab6a18a40206fdba04a2c6f60') in 0.013762 seconds 
========================================================================
Received Import Request.
  Time since last request: 0.000115 seconds.
  path: Assets/Laberinto/Props/308.fbx
  artifactKey: Guid(596fd1eefcda13d4bb74d44918cc4df3) Importer(815301076,1909f56bfc062723c751e8b465ee728b)
Start importing Assets/Laberinto/Props/308.fbx using Guid(596fd1eefcda13d4bb74d44918cc4df3) Importer(815301076,1909f56bfc062723c751e8b465ee728b)  -> (artifact id: '574d3d7d11083b36bcc274d0d7db27bc') in 0.015127 seconds 
========================================================================
Received Import Request.
  Time since last request: 0.000110 seconds.
  path: Assets/Laberinto/Props/306.fbx
  artifactKey: Guid(3aee9a62c3d7d4f4e8d32279b98a2e2f) Importer(815301076,1909f56bfc062723c751e8b465ee728b)
Start importing Assets/Laberinto/Props/306.fbx using Guid(3aee9a62c3d7d4f4e8d32279b98a2e2f) Importer(815301076,1909f56bfc062723c751e8b465ee728b)  -> (artifact id: 'e1c88514934c55b30c3c6c43f344cb62') in 0.014070 seconds 
========================================================================
Received Import Request.
  Time since last request: 0.000136 seconds.
  path: Assets/Laberinto/Props/307.fbx
  artifactKey: Guid(ace2c460f6b168e4a8147e6e52c5a9ee) Importer(815301076,1909f56bfc062723c751e8b465ee728b)
Start importing Assets/Laberinto/Props/307.fbx using Guid(ace2c460f6b168e4a8147e6e52c5a9ee) Importer(815301076,1909f56bfc062723c751e8b465ee728b)  -> (artifact id: 'ef159eddab00a75147d61bbc0d9996b4') in 0.013917 seconds 
========================================================================
Received Import Request.
  Time since last request: 106.775157 seconds.
  path: Assets/Laberinto/Props/textures/Plaques
  artifactKey: Guid(c1ba45f4a90d97343a15f05aec04bcf5) Importer(815301076,1909f56bfc062723c751e8b465ee728b)
Start importing Assets/Laberinto/Props/textures/Plaques using Guid(c1ba45f4a90d97343a15f05aec04bcf5) Importer(815301076,1909f56bfc062723c751e8b465ee728b)  -> (artifact id: 'e9f3c0f059051e33a6c95d46bef7aed3') in 0.006699 seconds 
========================================================================
Received Import Request.
  Time since last request: 30.622172 seconds.
  path: Assets/Laberinto/Props/textures/Plaques/Rosewood.mat
  artifactKey: Guid(60835c3e9b4169d41bef5a6c356823b5) Importer(815301076,1909f56bfc062723c751e8b465ee728b)
Start importing Assets/Laberinto/Props/textures/Plaques/Rosewood.mat using Guid(60835c3e9b4169d41bef5a6c356823b5) Importer(815301076,1909f56bfc062723c751e8b465ee728b)  -> (artifact id: 'be0c3ae098c14b7f153344c1d8a2944f') in 0.014852 seconds 
========================================================================
Received Import Request.
  Time since last request: 31.714448 seconds.
  path: Assets/Laberinto/Props/textures/Plaques/rosewood_veneer1_ao_2k.jpg
  artifactKey: Guid(590af21f78a116b43a8da7cff615474e) Importer(815301076,1909f56bfc062723c751e8b465ee728b)
Start importing Assets/Laberinto/Props/textures/Plaques/rosewood_veneer1_ao_2k.jpg using Guid(590af21f78a116b43a8da7cff615474e) Importer(815301076,1909f56bfc062723c751e8b465ee728b)  -> (artifact id: '06b1b2f6f81a42f39111e22cead7db7b') in 0.036091 seconds 
========================================================================
Received Import Request.
  Time since last request: 0.000132 seconds.
  path: Assets/Laberinto/Props/textures/Plaques/rosewood_veneer1_rough_2k.exr
  artifactKey: Guid(4009662ee0cd3b74eab6b2e699304f69) Importer(815301076,1909f56bfc062723c751e8b465ee728b)
Start importing Assets/Laberinto/Props/textures/Plaques/rosewood_veneer1_rough_2k.exr using Guid(4009662ee0cd3b74eab6b2e699304f69) Importer(815301076,1909f56bfc062723c751e8b465ee728b)  -> (artifact id: '9a3236eb46ee96f4d467a6350af3858f') in 0.027922 seconds 
========================================================================
Received Import Request.
  Time since last request: 0.000125 seconds.
  path: Assets/Laberinto/Props/textures/Plaques/rosewood_veneer1_diff_2k.jpg
  artifactKey: Guid(aa7469a94ce09db4f8fd2d22affd0368) Importer(815301076,1909f56bfc062723c751e8b465ee728b)
Start importing Assets/Laberinto/Props/textures/Plaques/rosewood_veneer1_diff_2k.jpg using Guid(aa7469a94ce09db4f8fd2d22affd0368) Importer(815301076,1909f56bfc062723c751e8b465ee728b)  -> (artifact id: '82cfd0eb61cc72d9feaef96e3e008bdb') in 0.019584 seconds 
========================================================================
Received Import Request.
  Time since last request: 0.000123 seconds.
  path: Assets/Laberinto/Props/textures/Plaques/rosewood_veneer1_nor_dx_2k.exr
  artifactKey: Guid(a51fedfbd42910c4fadc1611e4e060cb) Importer(815301076,1909f56bfc062723c751e8b465ee728b)
Start importing Assets/Laberinto/Props/textures/Plaques/rosewood_veneer1_nor_dx_2k.exr using Guid(a51fedfbd42910c4fadc1611e4e060cb) Importer(815301076,1909f56bfc062723c751e8b465ee728b)  -> (artifact id: '3a55d77dee57640c262175307b683140') in 0.022516 seconds 
========================================================================
Received Import Request.
  Time since last request: 0.000175 seconds.
  path: Assets/Laberinto/Props/textures/Plaques/rosewood_veneer1_arm_2k.jpg
  artifactKey: Guid(37828069edb19dc4c91d121ae8bcfd9d) Importer(815301076,1909f56bfc062723c751e8b465ee728b)
Start importing Assets/Laberinto/Props/textures/Plaques/rosewood_veneer1_arm_2k.jpg using Guid(37828069edb19dc4c91d121ae8bcfd9d) Importer(815301076,1909f56bfc062723c751e8b465ee728b)  -> (artifact id: '7ed6afef0ec66a171859156a04888aa6') in 0.014140 seconds 
========================================================================
Received Import Request.
  Time since last request: 0.000143 seconds.
  path: Assets/Laberinto/Props/textures/Plaques/rosewood_veneer1_disp_2k.png
  artifactKey: Guid(41af3cfbe6c041642a421ff5007f00dc) Importer(815301076,1909f56bfc062723c751e8b465ee728b)
Start importing Assets/Laberinto/Props/textures/Plaques/rosewood_veneer1_disp_2k.png using Guid(41af3cfbe6c041642a421ff5007f00dc) Importer(815301076,1909f56bfc062723c751e8b465ee728b)  -> (artifact id: '63a365343d628f025045c51b34cd7c30') in 0.020636 seconds 
========================================================================
Received Import Request.
  Time since last request: 0.000118 seconds.
  path: Assets/Laberinto/Props/textures/Plaques/rosewood_veneer1_nor_gl_2k.exr
  artifactKey: Guid(5a981b5912de6b441a10337e6a12c120) Importer(815301076,1909f56bfc062723c751e8b465ee728b)
Start importing Assets/Laberinto/Props/textures/Plaques/rosewood_veneer1_nor_gl_2k.exr using Guid(5a981b5912de6b441a10337e6a12c120) Importer(815301076,1909f56bfc062723c751e8b465ee728b)  -> (artifact id: 'd5f2814c6d181cac743d16297bb270e5') in 0.014488 seconds 
========================================================================
Received Import Request.
  Time since last request: 7.833835 seconds.
  path: Assets/Laberinto/Props/textures/Plaques/Rosewood
  artifactKey: Guid(ac5448340ae38b74fafb835f64cab34c) Importer(815301076,1909f56bfc062723c751e8b465ee728b)
Start importing Assets/Laberinto/Props/textures/Plaques/Rosewood using Guid(ac5448340ae38b74fafb835f64cab34c) Importer(815301076,1909f56bfc062723c751e8b465ee728b)  -> (artifact id: 'bbff0a2b4bed6717752d7074f04e7da1') in 0.002221 seconds 
========================================================================
Received Import Request.
  Time since last request: 141.743176 seconds.
  path: Assets/Laberinto/Props/textures/Plaques/Rosewood/rosewood_veneer1_nor_gl_2k.exr
  artifactKey: Guid(5a981b5912de6b441a10337e6a12c120) Importer(815301076,1909f56bfc062723c751e8b465ee728b)
Start importing Assets/Laberinto/Props/textures/Plaques/Rosewood/rosewood_veneer1_nor_gl_2k.exr using Guid(5a981b5912de6b441a10337e6a12c120) Importer(815301076,1909f56bfc062723c751e8b465ee728b)  -> (artifact id: '4e3c474d85c213cbf23073e4fe535d33') in 0.027930 seconds 
========================================================================
Received Import Request.
  Time since last request: 5.377027 seconds.
  path: Assets/Laberinto/Props/textures/Plaques/Rosewood/rosewood_veneer1_nor_dx_2k.exr
  artifactKey: Guid(a51fedfbd42910c4fadc1611e4e060cb) Importer(815301076,1909f56bfc062723c751e8b465ee728b)
Start importing Assets/Laberinto/Props/textures/Plaques/Rosewood/rosewood_veneer1_nor_dx_2k.exr using Guid(a51fedfbd42910c4fadc1611e4e060cb) Importer(815301076,1909f56bfc062723c751e8b465ee728b)  -> (artifact id: 'd8834aa63122016b979d89f8caf6a7eb') in 0.013565 seconds 
========================================================================
Received Import Request.
  Time since last request: 43.513109 seconds.
  path: Assets/Laberinto/Props/textures/Plaques/Velvet
  artifactKey: Guid(a019c897777d7af4fb34f6f5000d6739) Importer(815301076,1909f56bfc062723c751e8b465ee728b)
Start importing Assets/Laberinto/Props/textures/Plaques/Velvet using Guid(a019c897777d7af4fb34f6f5000d6739) Importer(815301076,1909f56bfc062723c751e8b465ee728b)  -> (artifact id: '5ccb16aafa44701f7aa2f286b401c4a3') in 0.006824 seconds 
========================================================================
Received Import Request.
  Time since last request: 6.749485 seconds.
  path: Assets/Laberinto/Props/textures/Plaques/Velvet/rose-gold-shiny-textured-paper-background.jpg
  artifactKey: Guid(348c6e6d37cd3fa4b987a401482dbaa0) Importer(815301076,1909f56bfc062723c751e8b465ee728b)
Start importing Assets/Laberinto/Props/textures/Plaques/Velvet/rose-gold-shiny-textured-paper-background.jpg using Guid(348c6e6d37cd3fa4b987a401482dbaa0) Importer(815301076,1909f56bfc062723c751e8b465ee728b)  -> (artifact id: '71b181626f64b0b1d4f55ba6222e5b93') in 0.011966 seconds 
========================================================================
Received Import Request.
  Time since last request: 5.778557 seconds.
  path: Assets/Laberinto/Props/textures/Plaques/Velvet/Velvet.mat
  artifactKey: Guid(b7c3d7a9ad75a1b49ab426b1c1b3958a) Importer(815301076,1909f56bfc062723c751e8b465ee728b)
Start importing Assets/Laberinto/Props/textures/Plaques/Velvet/Velvet.mat using Guid(b7c3d7a9ad75a1b49ab426b1c1b3958a) Importer(815301076,1909f56bfc062723c751e8b465ee728b)  -> (artifact id: '6843efb4b3edde8be5350ce20cf6943e') in 0.010603 seconds 
========================================================================
Received Import Request.
  Time since last request: 21.662685 seconds.
  path: Assets/Laberinto/Props/textures/Plaques/Gold
  artifactKey: Guid(61495bf0e50740f4eb683f0d916c08aa) Importer(815301076,1909f56bfc062723c751e8b465ee728b)
Start importing Assets/Laberinto/Props/textures/Plaques/Gold using Guid(61495bf0e50740f4eb683f0d916c08aa) Importer(815301076,1909f56bfc062723c751e8b465ee728b)  -> (artifact id: '3f09d6dfc5e0a01c91fb037dd9fe94c2') in 0.006511 seconds 
========================================================================
Received Import Request.
  Time since last request: 12.186326 seconds.
  path: Assets/Laberinto/Props/textures/Plaques/Gold/Poliigon_MetalGoldPaint_7253_AmbientOcclusion.png
  artifactKey: Guid(9e1c83acbe02d9c459906a77be724d29) Importer(815301076,1909f56bfc062723c751e8b465ee728b)
Start importing Assets/Laberinto/Props/textures/Plaques/Gold/Poliigon_MetalGoldPaint_7253_AmbientOcclusion.png using Guid(9e1c83acbe02d9c459906a77be724d29) Importer(815301076,1909f56bfc062723c751e8b465ee728b)  -> (artifact id: '767939c99a119c88e1bafcd467b218cc') in 0.010812 seconds 
========================================================================
Received Import Request.
  Time since last request: 0.000131 seconds.
  path: Assets/Laberinto/Props/textures/Plaques/Gold/Poliigon_MetalGoldPaint_7253_BaseColor.jpg
  artifactKey: Guid(c6232814849e26a4b9ed3a59d7f9205b) Importer(815301076,1909f56bfc062723c751e8b465ee728b)
Start importing Assets/Laberinto/Props/textures/Plaques/Gold/Poliigon_MetalGoldPaint_7253_BaseColor.jpg using Guid(c6232814849e26a4b9ed3a59d7f9205b) Importer(815301076,1909f56bfc062723c751e8b465ee728b)  -> (artifact id: '0b7252b877a35a1752ce7e6858b93a30') in 0.009499 seconds 
========================================================================
Received Import Request.
  Time since last request: 0.000199 seconds.
  path: Assets/Laberinto/Props/textures/Plaques/Gold/Poliigon_MetalGoldPaint_7253_Normal.png
  artifactKey: Guid(51879195f422fb740a7f5a9fcf313497) Importer(815301076,1909f56bfc062723c751e8b465ee728b)
Start importing Assets/Laberinto/Props/textures/Plaques/Gold/Poliigon_MetalGoldPaint_7253_Normal.png using Guid(51879195f422fb740a7f5a9fcf313497) Importer(815301076,1909f56bfc062723c751e8b465ee728b)  -> (artifact id: '7cb76b8458e3d1438eee9e68787461b7') in 0.011699 seconds 
========================================================================
Received Import Request.
  Time since last request: 0.000143 seconds.
  path: Assets/Laberinto/Props/textures/Plaques/Gold/Poliigon_MetalGoldPaint_7253_Metallic.jpg
  artifactKey: Guid(dbbf594ab88a0f744aff8c9aa3ff64e3) Importer(815301076,1909f56bfc062723c751e8b465ee728b)
Start importing Assets/Laberinto/Props/textures/Plaques/Gold/Poliigon_MetalGoldPaint_7253_Metallic.jpg using Guid(dbbf594ab88a0f744aff8c9aa3ff64e3) Importer(815301076,1909f56bfc062723c751e8b465ee728b)  -> (artifact id: '94fcf4f6b63ca2a195765420b527b6d7') in 0.011047 seconds 
========================================================================
Received Import Request.
  Time since last request: 0.000113 seconds.
  path: Assets/Laberinto/Props/textures/Plaques/Gold/Poliigon_MetalGoldPaint_7253_Roughness.jpg
  artifactKey: Guid(dd50fb5e1d2b6e846ac16684706b0741) Importer(815301076,1909f56bfc062723c751e8b465ee728b)
Start importing Assets/Laberinto/Props/textures/Plaques/Gold/Poliigon_MetalGoldPaint_7253_Roughness.jpg using Guid(dd50fb5e1d2b6e846ac16684706b0741) Importer(815301076,1909f56bfc062723c751e8b465ee728b)  -> (artifact id: 'cbde86fe0eafd5cf9b4ebe4683e34b03') in 0.014907 seconds 
========================================================================
Received Import Request.
  Time since last request: 0.000102 seconds.
  path: Assets/Laberinto/Props/textures/Plaques/Gold/Poliigon_MetalGoldPaint_7253_Displacement.tiff
  artifactKey: Guid(e1abf477a86b4ce46b341e2379aee46e) Importer(815301076,1909f56bfc062723c751e8b465ee728b)
Start importing Assets/Laberinto/Props/textures/Plaques/Gold/Poliigon_MetalGoldPaint_7253_Displacement.tiff using Guid(e1abf477a86b4ce46b341e2379aee46e) Importer(815301076,1909f56bfc062723c751e8b465ee728b)  -> (artifact id: 'c9ac27cab468e0c2885b3ba342007b5e') in 0.024800 seconds 
========================================================================
Received Import Request.
  Time since last request: 6.444349 seconds.
  path: Assets/Laberinto/Props/textures/Plaques/Gold/Gold.mat
  artifactKey: Guid(aed949a8442a7db4681177fe8b26c91d) Importer(815301076,1909f56bfc062723c751e8b465ee728b)
Start importing Assets/Laberinto/Props/textures/Plaques/Gold/Gold.mat using Guid(aed949a8442a7db4681177fe8b26c91d) Importer(815301076,1909f56bfc062723c751e8b465ee728b)  -> (artifact id: '2b41e831635560ca5fda804b340cf75f') in 0.020780 seconds 
========================================================================
Received Import Request.
  Time since last request: 12.456701 seconds.
  path: Assets/Laberinto/Props/textures/Plaques/Gold/Poliigon_MetalGoldPaint_7253_Normal.png
  artifactKey: Guid(51879195f422fb740a7f5a9fcf313497) Importer(815301076,1909f56bfc062723c751e8b465ee728b)
Start importing Assets/Laberinto/Props/textures/Plaques/Gold/Poliigon_MetalGoldPaint_7253_Normal.png using Guid(51879195f422fb740a7f5a9fcf313497) Importer(815301076,1909f56bfc062723c751e8b465ee728b)  -> (artifact id: '849c6d76d7e76d642a2013c7e7688739') in 0.012235 seconds 
========================================================================
Received Import Request.
  Time since last request: 115.663400 seconds.
  path: Assets/Laberinto/Props/textures/New Folder/Carpet.mat
  artifactKey: Guid(3798acdb463a92b4098b5b6b2095fa44) Importer(815301076,1909f56bfc062723c751e8b465ee728b)
Start importing Assets/Laberinto/Props/textures/New Folder/Carpet.mat using Guid(3798acdb463a92b4098b5b6b2095fa44) Importer(815301076,1909f56bfc062723c751e8b465ee728b)  -> (artifact id: '5e499713a24397513cb0e91678c2a12d') in 0.126721 seconds 
========================================================================
Received Import Request.
  Time since last request: 4.652735 seconds.
  path: Assets/Laberinto/Props/textures/New Folder/Wall texture/Wall.mat
  artifactKey: Guid(fc3b4085c2913fc4a858e7b173316180) Importer(815301076,1909f56bfc062723c751e8b465ee728b)
Start importing Assets/Laberinto/Props/textures/New Folder/Wall texture/Wall.mat using Guid(fc3b4085c2913fc4a858e7b173316180) Importer(815301076,1909f56bfc062723c751e8b465ee728b)  -> (artifact id: '161d03a33fda9586182c01cf4267b60c') in 0.474817 seconds 
========================================================================
Received Import Request.
  Time since last request: 865.026973 seconds.
  path: Assets/Laberinto/Props/302.fbx
  artifactKey: Guid(6d8f296f9e3074d47a0c7bd1fbaf8ed2) Importer(815301076,1909f56bfc062723c751e8b465ee728b)
Start importing Assets/Laberinto/Props/302.fbx using Guid(6d8f296f9e3074d47a0c7bd1fbaf8ed2) Importer(815301076,1909f56bfc062723c751e8b465ee728b)  -> (artifact id: 'b76beaca1977e7472b1a1308b1415560') in 0.017961 seconds 
========================================================================
Received Import Request.
  Time since last request: 0.000151 seconds.
  path: Assets/Laberinto/Props/303.fbx
  artifactKey: Guid(fe974178e17b46043bf1ddf242ce774b) Importer(815301076,1909f56bfc062723c751e8b465ee728b)
Start importing Assets/Laberinto/Props/303.fbx using Guid(fe974178e17b46043bf1ddf242ce774b) Importer(815301076,1909f56bfc062723c751e8b465ee728b)  -> (artifact id: 'ec7f9eb37227d1de2fbf628bbb73572b') in 0.016999 seconds 
========================================================================
Received Import Request.
  Time since last request: 0.000129 seconds.
  path: Assets/Laberinto/Props/304.fbx
  artifactKey: Guid(e13418b63af52af45af2644cdab756e5) Importer(815301076,1909f56bfc062723c751e8b465ee728b)
Start importing Assets/Laberinto/Props/304.fbx using Guid(e13418b63af52af45af2644cdab756e5) Importer(815301076,1909f56bfc062723c751e8b465ee728b)  -> (artifact id: 'cb1164333e0590754bef2a77aa6172c2') in 0.017158 seconds 
========================================================================
Received Import Request.
  Time since last request: 0.000111 seconds.
  path: Assets/Laberinto/Props/305.fbx
  artifactKey: Guid(42ab3e87608f18d4bba64ecd281f257a) Importer(815301076,1909f56bfc062723c751e8b465ee728b)
Start importing Assets/Laberinto/Props/305.fbx using Guid(42ab3e87608f18d4bba64ecd281f257a) Importer(815301076,1909f56bfc062723c751e8b465ee728b)  -> (artifact id: 'f014fad23dda4b94746cad93d6c4429d') in 0.017401 seconds 
========================================================================
Received Import Request.
  Time since last request: 0.000120 seconds.
  path: Assets/Laberinto/Props/308.fbx
  artifactKey: Guid(596fd1eefcda13d4bb74d44918cc4df3) Importer(815301076,1909f56bfc062723c751e8b465ee728b)
Start importing Assets/Laberinto/Props/308.fbx using Guid(596fd1eefcda13d4bb74d44918cc4df3) Importer(815301076,1909f56bfc062723c751e8b465ee728b)  -> (artifact id: '70afbae2cd420ed07120d1508e63cc53') in 0.017287 seconds 
========================================================================
Received Import Request.
  Time since last request: 0.000118 seconds.
  path: Assets/Laberinto/Props/306.fbx
  artifactKey: Guid(3aee9a62c3d7d4f4e8d32279b98a2e2f) Importer(815301076,1909f56bfc062723c751e8b465ee728b)
Start importing Assets/Laberinto/Props/306.fbx using Guid(3aee9a62c3d7d4f4e8d32279b98a2e2f) Importer(815301076,1909f56bfc062723c751e8b465ee728b)  -> (artifact id: '24099974aa27aaac497e954bf15131b0') in 0.017737 seconds 
========================================================================
Received Import Request.
  Time since last request: 0.000131 seconds.
  path: Assets/Laberinto/Props/307.fbx
  artifactKey: Guid(ace2c460f6b168e4a8147e6e52c5a9ee) Importer(815301076,1909f56bfc062723c751e8b465ee728b)
Start importing Assets/Laberinto/Props/307.fbx using Guid(ace2c460f6b168e4a8147e6e52c5a9ee) Importer(815301076,1909f56bfc062723c751e8b465ee728b)  -> (artifact id: '0753a12443ddd5781ff7a3982d1344f8') in 0.017240 seconds 
========================================================================
Received Import Request.
  Time since last request: 759.991270 seconds.
  path: Assets/Laberinto/Props/textures/Plaques/Velvet/Velvet.mat
  artifactKey: Guid(b7c3d7a9ad75a1b49ab426b1c1b3958a) Importer(815301076,1909f56bfc062723c751e8b465ee728b)
Start importing Assets/Laberinto/Props/textures/Plaques/Velvet/Velvet.mat using Guid(b7c3d7a9ad75a1b49ab426b1c1b3958a) Importer(815301076,1909f56bfc062723c751e8b465ee728b)  -> (artifact id: '50f75d90341bde6941498358eb347ff3') in 0.011894 seconds 
